<?xml version="1.0" encoding="UTF-8"?>
<!-- Generated by org.testng.reporters.JUnitXMLReporter -->
<testsuite ignored="2" hostname="kiran" failures="0" tests="1" name="Test1" time="12.782" errors="0" timestamp="23 Jan 2019 07:27:31 GMT">
  <testcase classname="script.Test1" name="test" time="0.0"/>
  <testcase classname="crossbrowsing.CrossBrowsing" name="@BeforeTest testingBrowser" time="0.0">
    <ignored/>
  </testcase> <!-- @BeforeTest testingBrowser -->
  <testcase classname="crossbrowsing.CrossBrowsing" name="@AfterTest closeBrowser" time="0.0">
    <ignored/>
  </testcase> <!-- @AfterTest closeBrowser -->
</testsuite> <!-- Test1 -->
