<?xml version="1.0" encoding="UTF-8"?>
<testng-results ignored="6" total="9" passed="3" failed="0" skipped="0">
  <reporter-output>
  </reporter-output>
  <suite started-at="2019-01-23T09:04:18Z" name="Suite" finished-at="2019-01-23T09:04:41Z" duration-ms="22817">
    <groups>
    </groups>
    <test started-at="2019-01-23T09:04:18Z" name="InternetExplorer" finished-at="2019-01-23T09:04:30Z" duration-ms="12607">
      <class name="script.Test1">
        <test-method signature="test()[pri:0, instance:script.Test1@6c80d78a]" started-at="2019-01-23T09:04:22Z" name="test" finished-at="2019-01-23T09:04:22Z" duration-ms="2" status="PASS">
          <reporter-output>
          </reporter-output>
        </test-method> <!-- test -->
      </class> <!-- script.Test1 -->
      <class name="crossbrowsing.CrossBrowsing">
        <test-method is-config="true" signature="testingBrowser(java.lang.String, java.lang.String)[pri:0, instance:crossbrowsing.CrossBrowsing@52e6fdee]" started-at="2019-01-23T09:04:18Z" name="testingBrowser" finished-at="2019-01-23T09:04:22Z" duration-ms="4292" status="PASS">
          <params>
            <param index="0">
              <value>
                <![CDATA[localhost]]>
              </value>
            </param>
            <param index="1">
              <value>
                <![CDATA[ie]]>
              </value>
            </param>
          </params>
          <reporter-output>
          </reporter-output>
        </test-method> <!-- testingBrowser -->
        <test-method is-config="true" signature="closeBrowser()[pri:0, instance:crossbrowsing.CrossBrowsing@52e6fdee]" started-at="2019-01-23T09:04:22Z" name="closeBrowser" finished-at="2019-01-23T09:04:30Z" duration-ms="8277" status="PASS">
          <reporter-output>
          </reporter-output>
        </test-method> <!-- closeBrowser -->
      </class> <!-- crossbrowsing.CrossBrowsing -->
    </test> <!-- InternetExplorer -->
    <test started-at="2019-01-23T09:04:18Z" name="ChromeBrowser" finished-at="2019-01-23T09:04:31Z" duration-ms="12667">
      <class name="script.Test1">
        <test-method signature="test()[pri:0, instance:script.Test1@619713e5]" started-at="2019-01-23T09:04:28Z" name="test" finished-at="2019-01-23T09:04:28Z" duration-ms="1" status="PASS">
          <reporter-output>
          </reporter-output>
        </test-method> <!-- test -->
      </class> <!-- script.Test1 -->
      <class name="crossbrowsing.CrossBrowsing">
        <test-method is-config="true" signature="testingBrowser(java.lang.String, java.lang.String)[pri:0, instance:crossbrowsing.CrossBrowsing@2c767a52]" started-at="2019-01-23T09:04:18Z" name="testingBrowser" finished-at="2019-01-23T09:04:28Z" duration-ms="10280" status="PASS">
          <params>
            <param index="0">
              <value>
                <![CDATA[localhost]]>
              </value>
            </param>
            <param index="1">
              <value>
                <![CDATA[chrome]]>
              </value>
            </param>
          </params>
          <reporter-output>
          </reporter-output>
        </test-method> <!-- testingBrowser -->
        <test-method is-config="true" signature="closeBrowser()[pri:0, instance:crossbrowsing.CrossBrowsing@2c767a52]" started-at="2019-01-23T09:04:28Z" name="closeBrowser" finished-at="2019-01-23T09:04:31Z" duration-ms="2383" status="FAIL">
          <exception class="org.openqa.selenium.NoSuchSessionException">
            <message>
              <![CDATA[invalid session id
  (Driver info: chromedriver=72.0.3626.69 (3c16f8a135abc0d4da2dff33804db79b849a7c38),platform=Windows NT 6.3.9600 x86_64) (WARNING: The server did not provide any stacktrace information)
Command duration or timeout: 0 milliseconds
Build info: version: '3.141.59', revision: 'e82be7d358', time: '2018-11-14T08:25:53'
System info: host: 'KIRAN', ip: '192.168.128.1', os.name: 'Windows 8.1', os.arch: 'amd64', os.version: '6.3', java.version: '9.0.4'
Driver info: org.openqa.selenium.chrome.ChromeDriver
Capabilities {acceptInsecureCerts: false, acceptSslCerts: false, applicationCacheEnabled: false, browserConnectionEnabled: false, browserName: chrome, chrome: {chromedriverVersion: 72.0.3626.69 (3c16f8a135abc..., userDataDir: C:\Users\kiranTS\AppData\Lo...}, cssSelectorsEnabled: true, databaseEnabled: false, goog:chromeOptions: {debuggerAddress: localhost:57516}, handlesAlerts: true, hasTouchScreen: false, javascriptEnabled: true, locationContextEnabled: true, mobileEmulationEnabled: false, nativeEvents: true, networkConnectionEnabled: false, pageLoadStrategy: normal, platform: XP, platformName: XP, proxy: Proxy(), rotatable: false, setWindowRect: true, takesHeapSnapshot: true, takesScreenshot: true, timeouts: {implicit: 0, pageLoad: 300000, script: 30000}, unexpectedAlertBehaviour: ignore, unhandledPromptBehavior: ignore, version: 71.0.3578.98, webStorageEnabled: true}
Session ID: 7b10001f99856c570f797713e88bb321]]>
            </message>
            <full-stacktrace>
              <![CDATA[org.openqa.selenium.NoSuchSessionException: invalid session id
  (Driver info: chromedriver=72.0.3626.69 (3c16f8a135abc0d4da2dff33804db79b849a7c38),platform=Windows NT 6.3.9600 x86_64) (WARNING: The server did not provide any stacktrace information)
Command duration or timeout: 0 milliseconds
Build info: version: '3.141.59', revision: 'e82be7d358', time: '2018-11-14T08:25:53'
System info: host: 'KIRAN', ip: '192.168.128.1', os.name: 'Windows 8.1', os.arch: 'amd64', os.version: '6.3', java.version: '9.0.4'
Driver info: org.openqa.selenium.chrome.ChromeDriver
Capabilities {acceptInsecureCerts: false, acceptSslCerts: false, applicationCacheEnabled: false, browserConnectionEnabled: false, browserName: chrome, chrome: {chromedriverVersion: 72.0.3626.69 (3c16f8a135abc..., userDataDir: C:\Users\kiranTS\AppData\Lo...}, cssSelectorsEnabled: true, databaseEnabled: false, goog:chromeOptions: {debuggerAddress: localhost:57516}, handlesAlerts: true, hasTouchScreen: false, javascriptEnabled: true, locationContextEnabled: true, mobileEmulationEnabled: false, nativeEvents: true, networkConnectionEnabled: false, pageLoadStrategy: normal, platform: XP, platformName: XP, proxy: Proxy(), rotatable: false, setWindowRect: true, takesHeapSnapshot: true, takesScreenshot: true, timeouts: {implicit: 0, pageLoad: 300000, script: 30000}, unexpectedAlertBehaviour: ignore, unhandledPromptBehavior: ignore, version: 71.0.3578.98, webStorageEnabled: true}
Session ID: 7b10001f99856c570f797713e88bb321
at java.base/jdk.internal.reflect.NativeConstructorAccessorImpl.newInstance0(Native Method)
at java.base/jdk.internal.reflect.NativeConstructorAccessorImpl.newInstance(Unknown Source)
at java.base/jdk.internal.reflect.DelegatingConstructorAccessorImpl.newInstance(Unknown Source)
at java.base/java.lang.reflect.Constructor.newInstance(Unknown Source)
at org.openqa.selenium.remote.ErrorHandler.createThrowable(ErrorHandler.java:214)
at org.openqa.selenium.remote.ErrorHandler.throwIfResponseFailed(ErrorHandler.java:166)
at org.openqa.selenium.remote.http.JsonHttpResponseCodec.reconstructValue(JsonHttpResponseCodec.java:40)
at org.openqa.selenium.remote.http.AbstractHttpResponseCodec.decode(AbstractHttpResponseCodec.java:80)
at org.openqa.selenium.remote.http.AbstractHttpResponseCodec.decode(AbstractHttpResponseCodec.java:44)
at org.openqa.selenium.remote.HttpCommandExecutor.execute(HttpCommandExecutor.java:158)
at org.openqa.selenium.remote.service.DriverCommandExecutor.execute(DriverCommandExecutor.java:83)
at org.openqa.selenium.remote.RemoteWebDriver.execute(RemoteWebDriver.java:552)
at org.openqa.selenium.remote.RemoteWebDriver.execute(RemoteWebDriver.java:609)
at org.openqa.selenium.remote.RemoteWebDriver.close(RemoteWebDriver.java:442)
at crossbrowsing.CrossBrowsing.closeBrowser(CrossBrowsing.java:42)
at java.base/jdk.internal.reflect.NativeMethodAccessorImpl.invoke0(Native Method)
at java.base/jdk.internal.reflect.NativeMethodAccessorImpl.invoke(Unknown Source)
at java.base/jdk.internal.reflect.DelegatingMethodAccessorImpl.invoke(Unknown Source)
at java.base/java.lang.reflect.Method.invoke(Unknown Source)
at org.testng.internal.MethodInvocationHelper.invokeMethod(MethodInvocationHelper.java:124)
at org.testng.internal.MethodInvocationHelper.invokeMethodConsideringTimeout(MethodInvocationHelper.java:59)
at org.testng.internal.Invoker.invokeConfigurationMethod(Invoker.java:455)
at org.testng.internal.Invoker.invokeConfigurations(Invoker.java:222)
at org.testng.internal.Invoker.invokeConfigurations(Invoker.java:142)
at org.testng.TestRunner.afterRun(TestRunner.java:725)
at org.testng.TestRunner.run(TestRunner.java:509)
at org.testng.SuiteRunner.runTest(SuiteRunner.java:455)
at org.testng.SuiteRunner.access$000(SuiteRunner.java:40)
at org.testng.SuiteRunner$SuiteWorker.run(SuiteRunner.java:489)
at org.testng.internal.thread.ThreadUtil$1.call(ThreadUtil.java:52)
at java.base/java.util.concurrent.FutureTask.run(Unknown Source)
at java.base/java.util.concurrent.ThreadPoolExecutor.runWorker(Unknown Source)
at java.base/java.util.concurrent.ThreadPoolExecutor$Worker.run(Unknown Source)
at java.base/java.lang.Thread.run(Unknown Source)
]]>
            </full-stacktrace>
          </exception> <!-- org.openqa.selenium.NoSuchSessionException -->
          <reporter-output>
          </reporter-output>
        </test-method> <!-- closeBrowser -->
      </class> <!-- crossbrowsing.CrossBrowsing -->
    </test> <!-- ChromeBrowser -->
    <test started-at="2019-01-23T09:04:18Z" name="FirefoxBrowser" finished-at="2019-01-23T09:04:41Z" duration-ms="22817">
      <class name="script.Test1">
        <test-method signature="test()[pri:0, instance:script.Test1@441772e]" started-at="2019-01-23T09:04:38Z" name="test" finished-at="2019-01-23T09:04:38Z" duration-ms="1" status="PASS">
          <reporter-output>
          </reporter-output>
        </test-method> <!-- test -->
      </class> <!-- script.Test1 -->
      <class name="crossbrowsing.CrossBrowsing">
        <test-method is-config="true" signature="testingBrowser(java.lang.String, java.lang.String)[pri:0, instance:crossbrowsing.CrossBrowsing@61862a7f]" started-at="2019-01-23T09:04:18Z" name="testingBrowser" finished-at="2019-01-23T09:04:38Z" duration-ms="20313" status="PASS">
          <params>
            <param index="0">
              <value>
                <![CDATA[localhost]]>
              </value>
            </param>
            <param index="1">
              <value>
                <![CDATA[firefox]]>
              </value>
            </param>
          </params>
          <reporter-output>
          </reporter-output>
        </test-method> <!-- testingBrowser -->
        <test-method is-config="true" signature="closeBrowser()[pri:0, instance:crossbrowsing.CrossBrowsing@61862a7f]" started-at="2019-01-23T09:04:38Z" name="closeBrowser" finished-at="2019-01-23T09:04:41Z" duration-ms="2499" status="PASS">
          <reporter-output>
          </reporter-output>
        </test-method> <!-- closeBrowser -->
      </class> <!-- crossbrowsing.CrossBrowsing -->
    </test> <!-- FirefoxBrowser -->
  </suite> <!-- Suite -->
</testng-results>
